2026-06-19 10:39:09 - hr_pipeline.ingest - INFO - Loaded 15000 from globaltech_hris
2026-06-19 10:39:09 - hr_pipeline.ingest - INFO - Loaded simulated page for acquiredco_hris: records 1 to 500
2026-06-19 10:39:09 - hr_pipeline.ingest - INFO - Loaded simulated page for acquiredco_hris: records 501 to 1000
2026-06-19 10:39:09 - hr_pipeline.ingest - INFO - Loaded simulated page for acquiredco_hris: records 1001 to 1500
2026-06-19 10:39:09 - hr_pipeline.ingest - INFO - Loaded simulated page for acquiredco_hris: records 1501 to 2000
2026-06-19 10:39:09 - hr_pipeline.ingest - INFO - Loaded simulated page for acquiredco_hris: records 2001 to 2500
2026-06-19 10:39:09 - hr_pipeline.ingest - INFO - Loaded simulated page for acquiredco_hris: records 2501 to 3000
2026-06-19 10:39:09 - hr_pipeline.ingest - INFO - Loaded simulated page for acquiredco_hris: records 3001 to 3200
2026-06-19 10:39:09 - hr_pipeline.ingest - INFO - Loaded total 3200 records from acquiredco_hris
2026-06-19 10:39:10 - hr_pipeline.ingest - INFO - Loaded 19000 records from payroll
2026-06-19 10:39:10 - hr_pipeline.ingest - INFO - Loaded 12000 records from benefits
2026-06-19 10:39:10 - hr_pipeline.ingest - INFO - Ingestion summary | globaltech_hris | rows=15000 | columns=11
2026-06-19 10:39:10 - hr_pipeline.ingest - INFO - Ingestion summary | acquiredco_hris | rows=3200 | columns=7
2026-06-19 10:39:10 - hr_pipeline.ingest - INFO - Ingestion summary | payroll | rows=19000 | columns=8
2026-06-19 10:39:10 - hr_pipeline.ingest - INFO - Ingestion summary | benefits | rows=12000 | columns=7
2026-06-19 10:39:10 - hr_pipeline.ingest - INFO - Aligned 15000 GlobalTech HRIS records to standard schema
2026-06-19 10:39:10 - hr_pipeline.ingest - INFO - Aligned AcquiredCo HRIS to standard schema with 3200 records
2026-06-19 10:39:10 - hr_pipeline.ingest - INFO - Aligned 19000 payroll records to standard schema
2026-06-19 10:39:10 - hr_pipeline.ingest - INFO - Aligned 12000 benefits records to standard schema
2026-06-19 10:39:10 - hr_pipeline.ingest - INFO - Schema alignment summary | globaltech_hris | rows=15000 | columns=23
2026-06-19 10:39:10 - hr_pipeline.ingest - INFO - Schema alignment summary | acquiredco_hris | rows=3200 | columns=23
2026-06-19 10:39:10 - hr_pipeline.ingest - INFO - Schema alignment summary | payroll | rows=19000 | columns=23
2026-06-19 10:39:10 - hr_pipeline.ingest - INFO - Schema alignment summary | benefits | rows=12000 | columns=23
2026-06-19 10:39:10 - hr_pipeline.clean - INFO - Loaded 44 department mapping rows
2026-06-19 10:39:12 - hr_pipeline.clean - INFO - Department mapping completed | rows=15000 | unmapped_unique_departments=0
2026-06-19 10:39:12 - hr_pipeline.clean - INFO - Applied core cleaning rules to 15000 records
2026-06-19 10:39:12 - hr_pipeline.clean - INFO - Department mapping completed | rows=3200 | unmapped_unique_departments=0
2026-06-19 10:39:12 - hr_pipeline.clean - INFO - Applied core cleaning rules to 3200 records
2026-06-19 10:39:15 - hr_pipeline.clean - INFO - Department mapping completed | rows=19000 | unmapped_unique_departments=0
2026-06-19 10:39:15 - hr_pipeline.clean - INFO - Applied core cleaning rules to 19000 records
2026-06-19 10:39:16 - hr_pipeline.clean - INFO - Department mapping completed | rows=12000 | unmapped_unique_departments=0
2026-06-19 10:39:16 - hr_pipeline.clean - INFO - Applied core cleaning rules to 12000 records
2026-06-19 11:44:20 - hr_pipeline.ingest - INFO - Loaded 15000 from globaltech_hris
2026-06-19 11:44:20 - hr_pipeline.ingest - INFO - Loaded simulated page for acquiredco_hris: records 1 to 500
2026-06-19 11:44:20 - hr_pipeline.ingest - INFO - Loaded simulated page for acquiredco_hris: records 501 to 1000
2026-06-19 11:44:20 - hr_pipeline.ingest - INFO - Loaded simulated page for acquiredco_hris: records 1001 to 1500
2026-06-19 11:44:20 - hr_pipeline.ingest - INFO - Loaded simulated page for acquiredco_hris: records 1501 to 2000
2026-06-19 11:44:20 - hr_pipeline.ingest - INFO - Loaded simulated page for acquiredco_hris: records 2001 to 2500
2026-06-19 11:44:20 - hr_pipeline.ingest - INFO - Loaded simulated page for acquiredco_hris: records 2501 to 3000
2026-06-19 11:44:20 - hr_pipeline.ingest - INFO - Loaded simulated page for acquiredco_hris: records 3001 to 3200
2026-06-19 11:44:20 - hr_pipeline.ingest - INFO - Loaded total 3200 records from acquiredco_hris
2026-06-19 11:44:21 - hr_pipeline.ingest - INFO - Loaded 19000 records from payroll
2026-06-19 11:44:21 - hr_pipeline.ingest - INFO - Loaded 12000 records from benefits
2026-06-19 11:44:21 - hr_pipeline.ingest - INFO - Ingestion summary | globaltech_hris | rows=15000 | columns=11
2026-06-19 11:44:21 - hr_pipeline.ingest - INFO - Ingestion summary | acquiredco_hris | rows=3200 | columns=7
2026-06-19 11:44:21 - hr_pipeline.ingest - INFO - Ingestion summary | payroll | rows=19000 | columns=8
2026-06-19 11:44:21 - hr_pipeline.ingest - INFO - Ingestion summary | benefits | rows=12000 | columns=7
2026-06-19 11:44:21 - hr_pipeline.ingest - INFO - Aligned 15000 GlobalTech HRIS records to standard schema
2026-06-19 11:44:21 - hr_pipeline.ingest - INFO - Aligned AcquiredCo HRIS to standard schema with 3200 records
2026-06-19 11:44:21 - hr_pipeline.ingest - INFO - Aligned 19000 payroll records to standard schema
2026-06-19 11:44:21 - hr_pipeline.ingest - INFO - Aligned 12000 benefits records to standard schema
2026-06-19 11:44:21 - hr_pipeline.ingest - INFO - Schema alignment summary | globaltech_hris | rows=15000 | columns=23
2026-06-19 11:44:21 - hr_pipeline.ingest - INFO - Schema alignment summary | acquiredco_hris | rows=3200 | columns=23
2026-06-19 11:44:21 - hr_pipeline.ingest - INFO - Schema alignment summary | payroll | rows=19000 | columns=23
2026-06-19 11:44:21 - hr_pipeline.ingest - INFO - Schema alignment summary | benefits | rows=12000 | columns=23
2026-06-19 11:44:21 - hr_pipeline.clean - INFO - Loaded 44 department mapping rows
2026-06-19 11:44:23 - hr_pipeline.clean - INFO - Department mapping completed | rows=15000 | unmapped_unique_departments=0
2026-06-19 11:44:23 - hr_pipeline.clean - INFO - Applied core cleaning rules to 15000 records
2026-06-19 11:44:23 - hr_pipeline.clean - INFO - Department mapping completed | rows=3200 | unmapped_unique_departments=0
2026-06-19 11:44:23 - hr_pipeline.clean - INFO - Applied core cleaning rules to 3200 records
2026-06-19 11:44:26 - hr_pipeline.clean - INFO - Department mapping completed | rows=19000 | unmapped_unique_departments=0
2026-06-19 11:44:26 - hr_pipeline.clean - INFO - Applied core cleaning rules to 19000 records
2026-06-19 11:44:27 - hr_pipeline.clean - INFO - Department mapping completed | rows=12000 | unmapped_unique_departments=0
2026-06-19 11:44:27 - hr_pipeline.clean - INFO - Applied core cleaning rules to 12000 records
2026-06-19 11:44:27 - hr_pipeline.dedup - INFO - Combined cleaned sources into 49200 total records
2026-06-19 11:44:27 - hr_pipeline.dedup - INFO - HRIS identity records: 18200
2026-06-19 11:44:27 - hr_pipeline.dedup - INFO - Enrichment records: 31000
2026-06-19 11:44:27 - hr_pipeline.dedup - INFO - Matched enrichment records: 31000
2026-06-19 11:44:27 - hr_pipeline.dedup - INFO - Ghost enrichment records: 0
2026-06-19 11:44:28 - hr_pipeline.dedup - INFO - Build exact-ID golden dataset with 18200 records
2026-06-19 11:48:46 - hr_pipeline.ingest - INFO - Loaded 15000 from globaltech_hris
2026-06-19 11:48:46 - hr_pipeline.ingest - INFO - Loaded simulated page for acquiredco_hris: records 1 to 500
2026-06-19 11:48:46 - hr_pipeline.ingest - INFO - Loaded simulated page for acquiredco_hris: records 501 to 1000
2026-06-19 11:48:46 - hr_pipeline.ingest - INFO - Loaded simulated page for acquiredco_hris: records 1001 to 1500
2026-06-19 11:48:46 - hr_pipeline.ingest - INFO - Loaded simulated page for acquiredco_hris: records 1501 to 2000
2026-06-19 11:48:46 - hr_pipeline.ingest - INFO - Loaded simulated page for acquiredco_hris: records 2001 to 2500
2026-06-19 11:48:46 - hr_pipeline.ingest - INFO - Loaded simulated page for acquiredco_hris: records 2501 to 3000
2026-06-19 11:48:46 - hr_pipeline.ingest - INFO - Loaded simulated page for acquiredco_hris: records 3001 to 3200
2026-06-19 11:48:46 - hr_pipeline.ingest - INFO - Loaded total 3200 records from acquiredco_hris
2026-06-19 11:48:46 - hr_pipeline.ingest - INFO - Loaded 19000 records from payroll
2026-06-19 11:48:46 - hr_pipeline.ingest - INFO - Loaded 12000 records from benefits
2026-06-19 11:48:46 - hr_pipeline.ingest - INFO - Ingestion summary | globaltech_hris | rows=15000 | columns=11
2026-06-19 11:48:46 - hr_pipeline.ingest - INFO - Ingestion summary | acquiredco_hris | rows=3200 | columns=7
2026-06-19 11:48:46 - hr_pipeline.ingest - INFO - Ingestion summary | payroll | rows=19000 | columns=8
2026-06-19 11:48:46 - hr_pipeline.ingest - INFO - Ingestion summary | benefits | rows=12000 | columns=7
2026-06-19 11:48:46 - hr_pipeline.ingest - INFO - Aligned 15000 GlobalTech HRIS records to standard schema
2026-06-19 11:48:46 - hr_pipeline.ingest - INFO - Aligned AcquiredCo HRIS to standard schema with 3200 records
2026-06-19 11:48:46 - hr_pipeline.ingest - INFO - Aligned 19000 payroll records to standard schema
2026-06-19 11:48:46 - hr_pipeline.ingest - INFO - Aligned 12000 benefits records to standard schema
2026-06-19 11:48:46 - hr_pipeline.ingest - INFO - Schema alignment summary | globaltech_hris | rows=15000 | columns=23
2026-06-19 11:48:46 - hr_pipeline.ingest - INFO - Schema alignment summary | acquiredco_hris | rows=3200 | columns=23
2026-06-19 11:48:46 - hr_pipeline.ingest - INFO - Schema alignment summary | payroll | rows=19000 | columns=23
2026-06-19 11:48:46 - hr_pipeline.ingest - INFO - Schema alignment summary | benefits | rows=12000 | columns=23
2026-06-19 11:48:46 - hr_pipeline.clean - INFO - Loaded 44 department mapping rows
2026-06-19 11:48:48 - hr_pipeline.clean - INFO - Department mapping completed | rows=15000 | unmapped_unique_departments=0
2026-06-19 11:48:48 - hr_pipeline.clean - INFO - Applied core cleaning rules to 15000 records
2026-06-19 11:48:49 - hr_pipeline.clean - INFO - Department mapping completed | rows=3200 | unmapped_unique_departments=0
2026-06-19 11:48:49 - hr_pipeline.clean - INFO - Applied core cleaning rules to 3200 records
2026-06-19 11:48:51 - hr_pipeline.clean - INFO - Department mapping completed | rows=19000 | unmapped_unique_departments=0
2026-06-19 11:48:51 - hr_pipeline.clean - INFO - Applied core cleaning rules to 19000 records
2026-06-19 11:48:52 - hr_pipeline.clean - INFO - Department mapping completed | rows=12000 | unmapped_unique_departments=0
2026-06-19 11:48:52 - hr_pipeline.clean - INFO - Applied core cleaning rules to 12000 records
2026-06-19 11:48:52 - hr_pipeline.dedup - INFO - Combined cleaned sources into 49200 total records
2026-06-19 11:48:52 - hr_pipeline.dedup - INFO - HRIS identity records: 18200
2026-06-19 11:48:52 - hr_pipeline.dedup - INFO - Enrichment records: 31000
2026-06-19 11:48:52 - hr_pipeline.dedup - INFO - Matched enrichment records: 31000
2026-06-19 11:48:52 - hr_pipeline.dedup - INFO - Ghost enrichment records: 0
2026-06-19 11:48:53 - hr_pipeline.dedup - INFO - Build exact-ID golden dataset with 18200 records
2026-06-19 11:51:25 - hr_pipeline.ingest - INFO - Loaded 15000 from globaltech_hris
2026-06-19 11:51:25 - hr_pipeline.ingest - INFO - Loaded simulated page for acquiredco_hris: records 1 to 500
2026-06-19 11:51:25 - hr_pipeline.ingest - INFO - Loaded simulated page for acquiredco_hris: records 501 to 1000
2026-06-19 11:51:25 - hr_pipeline.ingest - INFO - Loaded simulated page for acquiredco_hris: records 1001 to 1500
2026-06-19 11:51:25 - hr_pipeline.ingest - INFO - Loaded simulated page for acquiredco_hris: records 1501 to 2000
2026-06-19 11:51:25 - hr_pipeline.ingest - INFO - Loaded simulated page for acquiredco_hris: records 2001 to 2500
2026-06-19 11:51:25 - hr_pipeline.ingest - INFO - Loaded simulated page for acquiredco_hris: records 2501 to 3000
2026-06-19 11:51:25 - hr_pipeline.ingest - INFO - Loaded simulated page for acquiredco_hris: records 3001 to 3200
2026-06-19 11:51:25 - hr_pipeline.ingest - INFO - Loaded total 3200 records from acquiredco_hris
2026-06-19 11:51:26 - hr_pipeline.ingest - INFO - Loaded 19000 records from payroll
2026-06-19 11:51:26 - hr_pipeline.ingest - INFO - Loaded 12000 records from benefits
2026-06-19 11:51:26 - hr_pipeline.ingest - INFO - Ingestion summary | globaltech_hris | rows=15000 | columns=11
2026-06-19 11:51:26 - hr_pipeline.ingest - INFO - Ingestion summary | acquiredco_hris | rows=3200 | columns=7
2026-06-19 11:51:26 - hr_pipeline.ingest - INFO - Ingestion summary | payroll | rows=19000 | columns=8
2026-06-19 11:51:26 - hr_pipeline.ingest - INFO - Ingestion summary | benefits | rows=12000 | columns=7
2026-06-19 11:51:26 - hr_pipeline.ingest - INFO - Aligned 15000 GlobalTech HRIS records to standard schema
2026-06-19 11:51:26 - hr_pipeline.ingest - INFO - Aligned AcquiredCo HRIS to standard schema with 3200 records
2026-06-19 11:51:26 - hr_pipeline.ingest - INFO - Aligned 19000 payroll records to standard schema
2026-06-19 11:51:26 - hr_pipeline.ingest - INFO - Aligned 12000 benefits records to standard schema
2026-06-19 11:51:26 - hr_pipeline.ingest - INFO - Schema alignment summary | globaltech_hris | rows=15000 | columns=23
2026-06-19 11:51:26 - hr_pipeline.ingest - INFO - Schema alignment summary | acquiredco_hris | rows=3200 | columns=23
2026-06-19 11:51:26 - hr_pipeline.ingest - INFO - Schema alignment summary | payroll | rows=19000 | columns=23
2026-06-19 11:51:26 - hr_pipeline.ingest - INFO - Schema alignment summary | benefits | rows=12000 | columns=23
2026-06-19 11:51:26 - hr_pipeline.clean - INFO - Loaded 44 department mapping rows
2026-06-19 11:51:28 - hr_pipeline.clean - INFO - Department mapping completed | rows=15000 | unmapped_unique_departments=0
2026-06-19 11:51:28 - hr_pipeline.clean - INFO - Applied core cleaning rules to 15000 records
2026-06-19 11:51:28 - hr_pipeline.clean - INFO - Department mapping completed | rows=3200 | unmapped_unique_departments=0
2026-06-19 11:51:28 - hr_pipeline.clean - INFO - Applied core cleaning rules to 3200 records
2026-06-19 11:51:31 - hr_pipeline.clean - INFO - Department mapping completed | rows=19000 | unmapped_unique_departments=0
2026-06-19 11:51:31 - hr_pipeline.clean - INFO - Applied core cleaning rules to 19000 records
2026-06-19 11:51:32 - hr_pipeline.clean - INFO - Department mapping completed | rows=12000 | unmapped_unique_departments=0
2026-06-19 11:51:32 - hr_pipeline.clean - INFO - Applied core cleaning rules to 12000 records
2026-06-19 11:51:32 - hr_pipeline.dedup - INFO - Combined cleaned sources into 49200 total records
2026-06-19 11:51:32 - hr_pipeline.dedup - INFO - HRIS identity records: 18200
2026-06-19 11:51:32 - hr_pipeline.dedup - INFO - Enrichment records: 31000
2026-06-19 11:51:32 - hr_pipeline.dedup - INFO - Matched enrichment records: 31000
2026-06-19 11:51:32 - hr_pipeline.dedup - INFO - Ghost enrichment records: 0
2026-06-19 11:51:33 - hr_pipeline.dedup - INFO - Build exact-ID golden dataset with 18200 records
2026-06-19 12:16:00 - hr_pipeline.ingest - INFO - Loaded 15000 from globaltech_hris
2026-06-19 12:16:00 - hr_pipeline.ingest - INFO - Loaded simulated page for acquiredco_hris: records 1 to 500
2026-06-19 12:16:00 - hr_pipeline.ingest - INFO - Loaded simulated page for acquiredco_hris: records 501 to 1000
2026-06-19 12:16:00 - hr_pipeline.ingest - INFO - Loaded simulated page for acquiredco_hris: records 1001 to 1500
2026-06-19 12:16:00 - hr_pipeline.ingest - INFO - Loaded simulated page for acquiredco_hris: records 1501 to 2000
2026-06-19 12:16:00 - hr_pipeline.ingest - INFO - Loaded simulated page for acquiredco_hris: records 2001 to 2500
2026-06-19 12:16:00 - hr_pipeline.ingest - INFO - Loaded simulated page for acquiredco_hris: records 2501 to 3000
2026-06-19 12:16:00 - hr_pipeline.ingest - INFO - Loaded simulated page for acquiredco_hris: records 3001 to 3200
2026-06-19 12:16:00 - hr_pipeline.ingest - INFO - Loaded total 3200 records from acquiredco_hris
2026-06-19 12:16:01 - hr_pipeline.ingest - INFO - Loaded 19000 records from payroll
2026-06-19 12:16:01 - hr_pipeline.ingest - INFO - Loaded 12000 records from benefits
2026-06-19 12:16:01 - hr_pipeline.ingest - INFO - Ingestion summary | globaltech_hris | rows=15000 | columns=11
2026-06-19 12:16:01 - hr_pipeline.ingest - INFO - Ingestion summary | acquiredco_hris | rows=3200 | columns=7
2026-06-19 12:16:01 - hr_pipeline.ingest - INFO - Ingestion summary | payroll | rows=19000 | columns=8
2026-06-19 12:16:01 - hr_pipeline.ingest - INFO - Ingestion summary | benefits | rows=12000 | columns=7
2026-06-19 12:16:01 - hr_pipeline.ingest - INFO - Aligned 15000 GlobalTech HRIS records to standard schema
2026-06-19 12:16:01 - hr_pipeline.ingest - INFO - Aligned AcquiredCo HRIS to standard schema with 3200 records
2026-06-19 12:16:01 - hr_pipeline.ingest - INFO - Aligned 19000 payroll records to standard schema
2026-06-19 12:16:01 - hr_pipeline.ingest - INFO - Aligned 12000 benefits records to standard schema
2026-06-19 12:16:01 - hr_pipeline.ingest - INFO - Schema alignment summary | globaltech_hris | rows=15000 | columns=23
2026-06-19 12:16:01 - hr_pipeline.ingest - INFO - Schema alignment summary | acquiredco_hris | rows=3200 | columns=23
2026-06-19 12:16:01 - hr_pipeline.ingest - INFO - Schema alignment summary | payroll | rows=19000 | columns=23
2026-06-19 12:16:01 - hr_pipeline.ingest - INFO - Schema alignment summary | benefits | rows=12000 | columns=23
2026-06-19 12:16:01 - hr_pipeline.clean - INFO - Loaded 44 department mapping rows
2026-06-19 12:16:03 - hr_pipeline.clean - INFO - Department mapping completed | rows=15000 | unmapped_unique_departments=0
2026-06-19 12:16:03 - hr_pipeline.clean - INFO - Applied core cleaning rules to 15000 records
2026-06-19 12:16:03 - hr_pipeline.clean - INFO - Department mapping completed | rows=3200 | unmapped_unique_departments=0
2026-06-19 12:16:03 - hr_pipeline.clean - INFO - Applied core cleaning rules to 3200 records
2026-06-19 12:16:05 - hr_pipeline.clean - INFO - Department mapping completed | rows=19000 | unmapped_unique_departments=0
2026-06-19 12:16:05 - hr_pipeline.clean - INFO - Applied core cleaning rules to 19000 records
2026-06-19 12:16:07 - hr_pipeline.clean - INFO - Department mapping completed | rows=12000 | unmapped_unique_departments=0
2026-06-19 12:16:07 - hr_pipeline.clean - INFO - Applied core cleaning rules to 12000 records
2026-06-19 12:16:07 - hr_pipeline.dedup - INFO - Combined cleaned sources into 49200 total records
2026-06-19 12:16:07 - hr_pipeline.dedup - INFO - HRIS identity records: 18200
2026-06-19 12:16:07 - hr_pipeline.dedup - INFO - Enrichment records: 31000
2026-06-19 12:16:07 - hr_pipeline.dedup - INFO - Matched enrichment records: 31000
2026-06-19 12:16:07 - hr_pipeline.dedup - INFO - Ghost enrichment records: 0
2026-06-19 12:16:08 - hr_pipeline.dedup - INFO - Build exact-ID golden dataset with 18200 records
2026-06-19 12:16:08 - hr_pipeline.dedup - INFO - Duplicate employee_id records found: 398
2026-06-19 12:16:08 - hr_pipeline.dedup - INFO - Duplicate email records found: 13852
2026-06-19 12:16:10 - hr_pipeline.dedup - INFO - Same-name cross-company probable matches found: 5913
2026-06-19 12:17:32 - hr_pipeline.ingest - INFO - Loaded 15000 from globaltech_hris
2026-06-19 12:17:32 - hr_pipeline.ingest - INFO - Loaded simulated page for acquiredco_hris: records 1 to 500
2026-06-19 12:17:32 - hr_pipeline.ingest - INFO - Loaded simulated page for acquiredco_hris: records 501 to 1000
2026-06-19 12:17:32 - hr_pipeline.ingest - INFO - Loaded simulated page for acquiredco_hris: records 1001 to 1500
2026-06-19 12:17:32 - hr_pipeline.ingest - INFO - Loaded simulated page for acquiredco_hris: records 1501 to 2000
2026-06-19 12:17:32 - hr_pipeline.ingest - INFO - Loaded simulated page for acquiredco_hris: records 2001 to 2500
2026-06-19 12:17:32 - hr_pipeline.ingest - INFO - Loaded simulated page for acquiredco_hris: records 2501 to 3000
2026-06-19 12:17:32 - hr_pipeline.ingest - INFO - Loaded simulated page for acquiredco_hris: records 3001 to 3200
2026-06-19 12:17:32 - hr_pipeline.ingest - INFO - Loaded total 3200 records from acquiredco_hris
2026-06-19 12:17:33 - hr_pipeline.ingest - INFO - Loaded 19000 records from payroll
2026-06-19 12:17:33 - hr_pipeline.ingest - INFO - Loaded 12000 records from benefits
2026-06-19 12:17:33 - hr_pipeline.ingest - INFO - Ingestion summary | globaltech_hris | rows=15000 | columns=11
2026-06-19 12:17:33 - hr_pipeline.ingest - INFO - Ingestion summary | acquiredco_hris | rows=3200 | columns=7
2026-06-19 12:17:33 - hr_pipeline.ingest - INFO - Ingestion summary | payroll | rows=19000 | columns=8
2026-06-19 12:17:33 - hr_pipeline.ingest - INFO - Ingestion summary | benefits | rows=12000 | columns=7
2026-06-19 12:17:33 - hr_pipeline.ingest - INFO - Aligned 15000 GlobalTech HRIS records to standard schema
2026-06-19 12:17:33 - hr_pipeline.ingest - INFO - Aligned AcquiredCo HRIS to standard schema with 3200 records
2026-06-19 12:17:33 - hr_pipeline.ingest - INFO - Aligned 19000 payroll records to standard schema
2026-06-19 12:17:33 - hr_pipeline.ingest - INFO - Aligned 12000 benefits records to standard schema
2026-06-19 12:17:33 - hr_pipeline.ingest - INFO - Schema alignment summary | globaltech_hris | rows=15000 | columns=23
2026-06-19 12:17:33 - hr_pipeline.ingest - INFO - Schema alignment summary | acquiredco_hris | rows=3200 | columns=23
2026-06-19 12:17:33 - hr_pipeline.ingest - INFO - Schema alignment summary | payroll | rows=19000 | columns=23
2026-06-19 12:17:33 - hr_pipeline.ingest - INFO - Schema alignment summary | benefits | rows=12000 | columns=23
2026-06-19 12:17:33 - hr_pipeline.clean - INFO - Loaded 44 department mapping rows
2026-06-19 12:17:35 - hr_pipeline.clean - INFO - Department mapping completed | rows=15000 | unmapped_unique_departments=0
2026-06-19 12:17:35 - hr_pipeline.clean - INFO - Applied core cleaning rules to 15000 records
2026-06-19 12:17:35 - hr_pipeline.clean - INFO - Department mapping completed | rows=3200 | unmapped_unique_departments=0
2026-06-19 12:17:35 - hr_pipeline.clean - INFO - Applied core cleaning rules to 3200 records
2026-06-19 12:17:38 - hr_pipeline.clean - INFO - Department mapping completed | rows=19000 | unmapped_unique_departments=0
2026-06-19 12:17:38 - hr_pipeline.clean - INFO - Applied core cleaning rules to 19000 records
2026-06-19 12:17:39 - hr_pipeline.clean - INFO - Department mapping completed | rows=12000 | unmapped_unique_departments=0
2026-06-19 12:17:39 - hr_pipeline.clean - INFO - Applied core cleaning rules to 12000 records
2026-06-19 12:17:39 - hr_pipeline.dedup - INFO - Combined cleaned sources into 49200 total records
2026-06-19 12:17:39 - hr_pipeline.dedup - INFO - HRIS identity records: 18200
2026-06-19 12:17:39 - hr_pipeline.dedup - INFO - Enrichment records: 31000
2026-06-19 12:17:39 - hr_pipeline.dedup - INFO - Matched enrichment records: 31000
2026-06-19 12:17:39 - hr_pipeline.dedup - INFO - Ghost enrichment records: 0
2026-06-19 12:17:40 - hr_pipeline.dedup - INFO - Build exact-ID golden dataset with 18200 records
2026-06-19 12:17:40 - hr_pipeline.dedup - INFO - Duplicate employee_id records found: 398
2026-06-19 12:17:40 - hr_pipeline.dedup - INFO - Duplicate email records found: 13852
2026-06-19 12:17:42 - hr_pipeline.dedup - INFO - Same-name cross-company probable matches found: 5913
2026-06-19 12:28:21 - hr_pipeline.ingest - INFO - Loaded 15000 from globaltech_hris
2026-06-19 12:28:21 - hr_pipeline.ingest - INFO - Loaded simulated page for acquiredco_hris: records 1 to 500
2026-06-19 12:28:21 - hr_pipeline.ingest - INFO - Loaded simulated page for acquiredco_hris: records 501 to 1000
2026-06-19 12:28:21 - hr_pipeline.ingest - INFO - Loaded simulated page for acquiredco_hris: records 1001 to 1500
2026-06-19 12:28:21 - hr_pipeline.ingest - INFO - Loaded simulated page for acquiredco_hris: records 1501 to 2000
2026-06-19 12:28:21 - hr_pipeline.ingest - INFO - Loaded simulated page for acquiredco_hris: records 2001 to 2500
2026-06-19 12:28:21 - hr_pipeline.ingest - INFO - Loaded simulated page for acquiredco_hris: records 2501 to 3000
2026-06-19 12:28:21 - hr_pipeline.ingest - INFO - Loaded simulated page for acquiredco_hris: records 3001 to 3200
2026-06-19 12:28:21 - hr_pipeline.ingest - INFO - Loaded total 3200 records from acquiredco_hris
2026-06-19 12:28:21 - hr_pipeline.ingest - INFO - Loaded 19000 records from payroll
2026-06-19 12:28:22 - hr_pipeline.ingest - INFO - Loaded 12000 records from benefits
2026-06-19 12:28:22 - hr_pipeline.ingest - INFO - Ingestion summary | globaltech_hris | rows=15000 | columns=11
2026-06-19 12:28:22 - hr_pipeline.ingest - INFO - Ingestion summary | acquiredco_hris | rows=3200 | columns=7
2026-06-19 12:28:22 - hr_pipeline.ingest - INFO - Ingestion summary | payroll | rows=19000 | columns=8
2026-06-19 12:28:22 - hr_pipeline.ingest - INFO - Ingestion summary | benefits | rows=12000 | columns=7
2026-06-19 12:28:22 - hr_pipeline.ingest - INFO - Aligned 15000 GlobalTech HRIS records to standard schema
2026-06-19 12:28:22 - hr_pipeline.ingest - INFO - Aligned AcquiredCo HRIS to standard schema with 3200 records
2026-06-19 12:28:22 - hr_pipeline.ingest - INFO - Aligned 19000 payroll records to standard schema
2026-06-19 12:28:22 - hr_pipeline.ingest - INFO - Aligned 12000 benefits records to standard schema
2026-06-19 12:28:22 - hr_pipeline.ingest - INFO - Schema alignment summary | globaltech_hris | rows=15000 | columns=23
2026-06-19 12:28:22 - hr_pipeline.ingest - INFO - Schema alignment summary | acquiredco_hris | rows=3200 | columns=23
2026-06-19 12:28:22 - hr_pipeline.ingest - INFO - Schema alignment summary | payroll | rows=19000 | columns=23
2026-06-19 12:28:22 - hr_pipeline.ingest - INFO - Schema alignment summary | benefits | rows=12000 | columns=23
2026-06-19 12:28:22 - hr_pipeline.clean - INFO - Loaded 44 department mapping rows
2026-06-19 12:28:23 - hr_pipeline.clean - INFO - Department mapping completed | rows=15000 | unmapped_unique_departments=0
2026-06-19 12:28:23 - hr_pipeline.clean - INFO - Applied core cleaning rules to 15000 records
2026-06-19 12:28:24 - hr_pipeline.clean - INFO - Department mapping completed | rows=3200 | unmapped_unique_departments=0
2026-06-19 12:28:24 - hr_pipeline.clean - INFO - Applied core cleaning rules to 3200 records
2026-06-19 12:28:26 - hr_pipeline.clean - INFO - Department mapping completed | rows=19000 | unmapped_unique_departments=0
2026-06-19 12:28:26 - hr_pipeline.clean - INFO - Applied core cleaning rules to 19000 records
2026-06-19 12:28:27 - hr_pipeline.clean - INFO - Department mapping completed | rows=12000 | unmapped_unique_departments=0
2026-06-19 12:28:27 - hr_pipeline.clean - INFO - Applied core cleaning rules to 12000 records
2026-06-19 12:28:27 - hr_pipeline.dedup - INFO - Combined cleaned sources into 49200 total records
2026-06-19 12:28:27 - hr_pipeline.dedup - INFO - HRIS identity records: 18200
2026-06-19 12:28:27 - hr_pipeline.dedup - INFO - Enrichment records: 31000
2026-06-19 12:28:27 - hr_pipeline.dedup - INFO - Matched enrichment records: 31000
2026-06-19 12:28:27 - hr_pipeline.dedup - INFO - Ghost enrichment records: 0
2026-06-19 12:28:28 - hr_pipeline.dedup - INFO - Build exact-ID golden dataset with 18200 records
2026-06-19 12:32:32 - hr_pipeline.ingest - INFO - Loaded 15000 from globaltech_hris
2026-06-19 12:32:32 - hr_pipeline.ingest - INFO - Loaded simulated page for acquiredco_hris: records 1 to 500
2026-06-19 12:32:32 - hr_pipeline.ingest - INFO - Loaded simulated page for acquiredco_hris: records 501 to 1000
2026-06-19 12:32:32 - hr_pipeline.ingest - INFO - Loaded simulated page for acquiredco_hris: records 1001 to 1500
2026-06-19 12:32:32 - hr_pipeline.ingest - INFO - Loaded simulated page for acquiredco_hris: records 1501 to 2000
2026-06-19 12:32:32 - hr_pipeline.ingest - INFO - Loaded simulated page for acquiredco_hris: records 2001 to 2500
2026-06-19 12:32:32 - hr_pipeline.ingest - INFO - Loaded simulated page for acquiredco_hris: records 2501 to 3000
2026-06-19 12:32:32 - hr_pipeline.ingest - INFO - Loaded simulated page for acquiredco_hris: records 3001 to 3200
2026-06-19 12:32:32 - hr_pipeline.ingest - INFO - Loaded total 3200 records from acquiredco_hris
2026-06-19 12:32:32 - hr_pipeline.ingest - INFO - Loaded 19000 records from payroll
2026-06-19 12:32:33 - hr_pipeline.ingest - INFO - Loaded 12000 records from benefits
2026-06-19 12:32:33 - hr_pipeline.ingest - INFO - Ingestion summary | globaltech_hris | rows=15000 | columns=11
2026-06-19 12:32:33 - hr_pipeline.ingest - INFO - Ingestion summary | acquiredco_hris | rows=3200 | columns=7
2026-06-19 12:32:33 - hr_pipeline.ingest - INFO - Ingestion summary | payroll | rows=19000 | columns=8
2026-06-19 12:32:33 - hr_pipeline.ingest - INFO - Ingestion summary | benefits | rows=12000 | columns=7
2026-06-19 12:32:33 - hr_pipeline.ingest - INFO - Aligned 15000 GlobalTech HRIS records to standard schema
2026-06-19 12:32:33 - hr_pipeline.ingest - INFO - Aligned AcquiredCo HRIS to standard schema with 3200 records
2026-06-19 12:32:33 - hr_pipeline.ingest - INFO - Aligned 19000 payroll records to standard schema
2026-06-19 12:32:33 - hr_pipeline.ingest - INFO - Aligned 12000 benefits records to standard schema
2026-06-19 12:32:33 - hr_pipeline.ingest - INFO - Schema alignment summary | globaltech_hris | rows=15000 | columns=23
2026-06-19 12:32:33 - hr_pipeline.ingest - INFO - Schema alignment summary | acquiredco_hris | rows=3200 | columns=23
2026-06-19 12:32:33 - hr_pipeline.ingest - INFO - Schema alignment summary | payroll | rows=19000 | columns=23
2026-06-19 12:32:33 - hr_pipeline.ingest - INFO - Schema alignment summary | benefits | rows=12000 | columns=23
2026-06-19 12:32:33 - hr_pipeline.clean - INFO - Loaded 44 department mapping rows
2026-06-19 12:32:34 - hr_pipeline.clean - INFO - Department mapping completed | rows=15000 | unmapped_unique_departments=0
2026-06-19 12:32:34 - hr_pipeline.clean - INFO - Applied core cleaning rules to 15000 records
2026-06-19 12:32:35 - hr_pipeline.clean - INFO - Department mapping completed | rows=3200 | unmapped_unique_departments=0
2026-06-19 12:32:35 - hr_pipeline.clean - INFO - Applied core cleaning rules to 3200 records
2026-06-19 12:32:37 - hr_pipeline.clean - INFO - Department mapping completed | rows=19000 | unmapped_unique_departments=0
2026-06-19 12:32:37 - hr_pipeline.clean - INFO - Applied core cleaning rules to 19000 records
2026-06-19 12:32:38 - hr_pipeline.clean - INFO - Department mapping completed | rows=12000 | unmapped_unique_departments=0
2026-06-19 12:32:38 - hr_pipeline.clean - INFO - Applied core cleaning rules to 12000 records
2026-06-19 12:32:38 - hr_pipeline.dedup - INFO - Combined cleaned sources into 49200 total records
2026-06-19 12:32:38 - hr_pipeline.dedup - WARNING - Duplicate HRIS employee_id records found: duplicate_rows=398 duplicate_employee_ids=199
2026-06-19 12:32:38 - hr_pipeline.dedup - INFO - HRIS identity records: 18001
2026-06-19 12:32:38 - hr_pipeline.dedup - INFO - Enrichment records: 31000
2026-06-19 12:32:38 - hr_pipeline.dedup - INFO - Matched enrichment records: 31000
2026-06-19 12:32:38 - hr_pipeline.dedup - INFO - Ghost enrichment records: 0
2026-06-19 12:32:39 - hr_pipeline.dedup - INFO - Build exact-ID golden dataset with 18001 records
2026-06-19 12:32:39 - hr_pipeline.dedup - INFO - Duplicate employee_id records found: 0
2026-06-19 12:32:40 - hr_pipeline.dedup - INFO - Cross-company duplicate email records found: 0
2026-06-19 12:32:41 - hr_pipeline.dedup - INFO - Same-name cross-company probable matches found within 30 days: 83
2026-06-19 12:56:54 - hr_pipeline.ingest - INFO - Loaded 15000 from globaltech_hris
2026-06-19 12:56:54 - hr_pipeline.ingest - INFO - Loaded simulated page for acquiredco_hris: records 1 to 500
2026-06-19 12:56:54 - hr_pipeline.ingest - INFO - Loaded simulated page for acquiredco_hris: records 501 to 1000
2026-06-19 12:56:54 - hr_pipeline.ingest - INFO - Loaded simulated page for acquiredco_hris: records 1001 to 1500
2026-06-19 12:56:54 - hr_pipeline.ingest - INFO - Loaded simulated page for acquiredco_hris: records 1501 to 2000
2026-06-19 12:56:54 - hr_pipeline.ingest - INFO - Loaded simulated page for acquiredco_hris: records 2001 to 2500
2026-06-19 12:56:54 - hr_pipeline.ingest - INFO - Loaded simulated page for acquiredco_hris: records 2501 to 3000
2026-06-19 12:56:54 - hr_pipeline.ingest - INFO - Loaded simulated page for acquiredco_hris: records 3001 to 3200
2026-06-19 12:56:54 - hr_pipeline.ingest - INFO - Loaded total 3200 records from acquiredco_hris
2026-06-19 12:56:55 - hr_pipeline.ingest - INFO - Loaded 19000 records from payroll
2026-06-19 12:56:55 - hr_pipeline.ingest - INFO - Loaded 12000 records from benefits
2026-06-19 12:56:55 - hr_pipeline.ingest - INFO - Ingestion summary | globaltech_hris | rows=15000 | columns=11
2026-06-19 12:56:55 - hr_pipeline.ingest - INFO - Ingestion summary | acquiredco_hris | rows=3200 | columns=7
2026-06-19 12:56:55 - hr_pipeline.ingest - INFO - Ingestion summary | payroll | rows=19000 | columns=8
2026-06-19 12:56:55 - hr_pipeline.ingest - INFO - Ingestion summary | benefits | rows=12000 | columns=7
2026-06-19 12:56:55 - hr_pipeline.ingest - INFO - Aligned 15000 GlobalTech HRIS records to standard schema
2026-06-19 12:56:55 - hr_pipeline.ingest - INFO - Aligned AcquiredCo HRIS to standard schema with 3200 records
2026-06-19 12:56:55 - hr_pipeline.ingest - INFO - Aligned 19000 payroll records to standard schema
2026-06-19 12:56:55 - hr_pipeline.ingest - INFO - Aligned 12000 benefits records to standard schema
2026-06-19 12:56:55 - hr_pipeline.ingest - INFO - Schema alignment summary | globaltech_hris | rows=15000 | columns=23
2026-06-19 12:56:55 - hr_pipeline.ingest - INFO - Schema alignment summary | acquiredco_hris | rows=3200 | columns=23
2026-06-19 12:56:55 - hr_pipeline.ingest - INFO - Schema alignment summary | payroll | rows=19000 | columns=23
2026-06-19 12:56:55 - hr_pipeline.ingest - INFO - Schema alignment summary | benefits | rows=12000 | columns=23
2026-06-19 12:56:55 - hr_pipeline.clean - INFO - Loaded 44 department mapping rows
2026-06-19 12:56:57 - hr_pipeline.clean - INFO - Department mapping completed | rows=15000 | unmapped_unique_departments=0
2026-06-19 12:56:57 - hr_pipeline.clean - INFO - Applied core cleaning rules to 15000 records
2026-06-19 12:56:57 - hr_pipeline.clean - INFO - Department mapping completed | rows=3200 | unmapped_unique_departments=0
2026-06-19 12:56:57 - hr_pipeline.clean - INFO - Applied core cleaning rules to 3200 records
2026-06-19 12:57:00 - hr_pipeline.clean - INFO - Department mapping completed | rows=19000 | unmapped_unique_departments=0
2026-06-19 12:57:00 - hr_pipeline.clean - INFO - Applied core cleaning rules to 19000 records
2026-06-19 12:57:01 - hr_pipeline.clean - INFO - Department mapping completed | rows=12000 | unmapped_unique_departments=0
2026-06-19 12:57:01 - hr_pipeline.clean - INFO - Applied core cleaning rules to 12000 records
2026-06-19 12:57:01 - hr_pipeline.dedup - INFO - Combined cleaned sources into 49200 total records
2026-06-19 12:57:01 - hr_pipeline.dedup - WARNING - Duplicate HRIS employee_id records found: duplicate_rows=398 duplicate_employee_ids=199
2026-06-19 12:57:01 - hr_pipeline.dedup - INFO - HRIS identity records: 18001
2026-06-19 12:57:01 - hr_pipeline.dedup - INFO - Enrichment records: 31000
2026-06-19 12:57:01 - hr_pipeline.dedup - INFO - Matched enrichment records: 31000
2026-06-19 12:57:01 - hr_pipeline.dedup - INFO - Ghost enrichment records: 0
2026-06-19 12:57:02 - hr_pipeline.dedup - INFO - Build exact-ID golden dataset with 18001 records
2026-06-19 12:57:02 - hr_pipeline.dedup - INFO - Duplicate employee_id records found: 0
2026-06-19 12:57:02 - hr_pipeline.dedup - INFO - Cross-company duplicate email records found: 0
2026-06-19 12:57:04 - hr_pipeline.dedup - INFO - Same-name cross-company probable matches found within 30 days: 83
2026-06-19 12:57:13 - hr_pipeline.dedup - INFO - Fuzzy name probable matches found | threshold=88 | hire_date_window_days=30 | matches=113
2026-06-19 13:02:09 - hr_pipeline.ingest - INFO - Loaded 15000 from globaltech_hris
2026-06-19 13:02:09 - hr_pipeline.ingest - INFO - Loaded simulated page for acquiredco_hris: records 1 to 500
2026-06-19 13:02:09 - hr_pipeline.ingest - INFO - Loaded simulated page for acquiredco_hris: records 501 to 1000
2026-06-19 13:02:09 - hr_pipeline.ingest - INFO - Loaded simulated page for acquiredco_hris: records 1001 to 1500
2026-06-19 13:02:09 - hr_pipeline.ingest - INFO - Loaded simulated page for acquiredco_hris: records 1501 to 2000
2026-06-19 13:02:09 - hr_pipeline.ingest - INFO - Loaded simulated page for acquiredco_hris: records 2001 to 2500
2026-06-19 13:02:09 - hr_pipeline.ingest - INFO - Loaded simulated page for acquiredco_hris: records 2501 to 3000
2026-06-19 13:02:09 - hr_pipeline.ingest - INFO - Loaded simulated page for acquiredco_hris: records 3001 to 3200
2026-06-19 13:02:09 - hr_pipeline.ingest - INFO - Loaded total 3200 records from acquiredco_hris
2026-06-19 13:02:09 - hr_pipeline.ingest - INFO - Loaded 19000 records from payroll
2026-06-19 13:02:09 - hr_pipeline.ingest - INFO - Loaded 12000 records from benefits
2026-06-19 13:02:09 - hr_pipeline.ingest - INFO - Ingestion summary | globaltech_hris | rows=15000 | columns=11
2026-06-19 13:02:09 - hr_pipeline.ingest - INFO - Ingestion summary | acquiredco_hris | rows=3200 | columns=7
2026-06-19 13:02:09 - hr_pipeline.ingest - INFO - Ingestion summary | payroll | rows=19000 | columns=8
2026-06-19 13:02:09 - hr_pipeline.ingest - INFO - Ingestion summary | benefits | rows=12000 | columns=7
2026-06-19 13:02:10 - hr_pipeline.ingest - INFO - Aligned 15000 GlobalTech HRIS records to standard schema
2026-06-19 13:02:10 - hr_pipeline.ingest - INFO - Aligned AcquiredCo HRIS to standard schema with 3200 records
2026-06-19 13:02:10 - hr_pipeline.ingest - INFO - Aligned 19000 payroll records to standard schema
2026-06-19 13:02:10 - hr_pipeline.ingest - INFO - Aligned 12000 benefits records to standard schema
2026-06-19 13:02:10 - hr_pipeline.ingest - INFO - Schema alignment summary | globaltech_hris | rows=15000 | columns=23
2026-06-19 13:02:10 - hr_pipeline.ingest - INFO - Schema alignment summary | acquiredco_hris | rows=3200 | columns=23
2026-06-19 13:02:10 - hr_pipeline.ingest - INFO - Schema alignment summary | payroll | rows=19000 | columns=23
2026-06-19 13:02:10 - hr_pipeline.ingest - INFO - Schema alignment summary | benefits | rows=12000 | columns=23
2026-06-19 13:02:10 - hr_pipeline.clean - INFO - Loaded 44 department mapping rows
2026-06-19 13:02:11 - hr_pipeline.clean - INFO - Department mapping completed | rows=15000 | unmapped_unique_departments=0
2026-06-19 13:02:11 - hr_pipeline.clean - INFO - Applied core cleaning rules to 15000 records
2026-06-19 13:02:12 - hr_pipeline.clean - INFO - Department mapping completed | rows=3200 | unmapped_unique_departments=0
2026-06-19 13:02:12 - hr_pipeline.clean - INFO - Applied core cleaning rules to 3200 records
2026-06-19 13:02:14 - hr_pipeline.clean - INFO - Department mapping completed | rows=19000 | unmapped_unique_departments=0
2026-06-19 13:02:14 - hr_pipeline.clean - INFO - Applied core cleaning rules to 19000 records
2026-06-19 13:02:15 - hr_pipeline.clean - INFO - Department mapping completed | rows=12000 | unmapped_unique_departments=0
2026-06-19 13:02:15 - hr_pipeline.clean - INFO - Applied core cleaning rules to 12000 records
2026-06-19 13:02:15 - hr_pipeline.dedup - INFO - Combined cleaned sources into 49200 total records
2026-06-19 13:02:15 - hr_pipeline.dedup - WARNING - Duplicate HRIS employee_id records found: duplicate_rows=398 duplicate_employee_ids=199
2026-06-19 13:02:15 - hr_pipeline.dedup - INFO - HRIS identity records: 18001
2026-06-19 13:02:15 - hr_pipeline.dedup - INFO - Enrichment records: 31000
2026-06-19 13:02:15 - hr_pipeline.dedup - INFO - Matched enrichment records: 31000
2026-06-19 13:02:15 - hr_pipeline.dedup - INFO - Ghost enrichment records: 0
2026-06-19 13:02:16 - hr_pipeline.dedup - INFO - Build exact-ID golden dataset with 18001 records
2026-06-19 13:02:16 - hr_pipeline.dedup - INFO - Duplicate employee_id records found: 0
2026-06-19 13:02:17 - hr_pipeline.dedup - INFO - Cross-company duplicate email records found: 0
2026-06-19 13:02:18 - hr_pipeline.dedup - INFO - Same-name cross-company probable matches found within 30 days: 83
2026-06-19 13:02:28 - hr_pipeline.dedup - INFO - Fuzzy name probable matches found | threshold=88 | hire_date_window_days=30 | matches=113
2026-06-19 13:03:22 - hr_pipeline.ingest - INFO - Loaded 15000 from globaltech_hris
2026-06-19 13:03:22 - hr_pipeline.ingest - INFO - Loaded simulated page for acquiredco_hris: records 1 to 500
2026-06-19 13:03:22 - hr_pipeline.ingest - INFO - Loaded simulated page for acquiredco_hris: records 501 to 1000
2026-06-19 13:03:22 - hr_pipeline.ingest - INFO - Loaded simulated page for acquiredco_hris: records 1001 to 1500
2026-06-19 13:03:22 - hr_pipeline.ingest - INFO - Loaded simulated page for acquiredco_hris: records 1501 to 2000
2026-06-19 13:03:22 - hr_pipeline.ingest - INFO - Loaded simulated page for acquiredco_hris: records 2001 to 2500
2026-06-19 13:03:22 - hr_pipeline.ingest - INFO - Loaded simulated page for acquiredco_hris: records 2501 to 3000
2026-06-19 13:03:22 - hr_pipeline.ingest - INFO - Loaded simulated page for acquiredco_hris: records 3001 to 3200
2026-06-19 13:03:22 - hr_pipeline.ingest - INFO - Loaded total 3200 records from acquiredco_hris
2026-06-19 13:03:23 - hr_pipeline.ingest - INFO - Loaded 19000 records from payroll
2026-06-19 13:03:23 - hr_pipeline.ingest - INFO - Loaded 12000 records from benefits
2026-06-19 13:03:23 - hr_pipeline.ingest - INFO - Ingestion summary | globaltech_hris | rows=15000 | columns=11
2026-06-19 13:03:23 - hr_pipeline.ingest - INFO - Ingestion summary | acquiredco_hris | rows=3200 | columns=7
2026-06-19 13:03:23 - hr_pipeline.ingest - INFO - Ingestion summary | payroll | rows=19000 | columns=8
2026-06-19 13:03:23 - hr_pipeline.ingest - INFO - Ingestion summary | benefits | rows=12000 | columns=7
2026-06-19 13:03:23 - hr_pipeline.ingest - INFO - Aligned 15000 GlobalTech HRIS records to standard schema
2026-06-19 13:03:23 - hr_pipeline.ingest - INFO - Aligned AcquiredCo HRIS to standard schema with 3200 records
2026-06-19 13:03:23 - hr_pipeline.ingest - INFO - Aligned 19000 payroll records to standard schema
2026-06-19 13:03:23 - hr_pipeline.ingest - INFO - Aligned 12000 benefits records to standard schema
2026-06-19 13:03:23 - hr_pipeline.ingest - INFO - Schema alignment summary | globaltech_hris | rows=15000 | columns=23
2026-06-19 13:03:23 - hr_pipeline.ingest - INFO - Schema alignment summary | acquiredco_hris | rows=3200 | columns=23
2026-06-19 13:03:23 - hr_pipeline.ingest - INFO - Schema alignment summary | payroll | rows=19000 | columns=23
2026-06-19 13:03:23 - hr_pipeline.ingest - INFO - Schema alignment summary | benefits | rows=12000 | columns=23
2026-06-19 13:03:23 - hr_pipeline.clean - INFO - Loaded 44 department mapping rows
2026-06-19 13:03:25 - hr_pipeline.clean - INFO - Department mapping completed | rows=15000 | unmapped_unique_departments=0
2026-06-19 13:03:25 - hr_pipeline.clean - INFO - Applied core cleaning rules to 15000 records
2026-06-19 13:03:25 - hr_pipeline.clean - INFO - Department mapping completed | rows=3200 | unmapped_unique_departments=0
2026-06-19 13:03:25 - hr_pipeline.clean - INFO - Applied core cleaning rules to 3200 records
2026-06-19 13:03:27 - hr_pipeline.clean - INFO - Department mapping completed | rows=19000 | unmapped_unique_departments=0
2026-06-19 13:03:27 - hr_pipeline.clean - INFO - Applied core cleaning rules to 19000 records
2026-06-19 13:03:29 - hr_pipeline.clean - INFO - Department mapping completed | rows=12000 | unmapped_unique_departments=0
2026-06-19 13:03:29 - hr_pipeline.clean - INFO - Applied core cleaning rules to 12000 records
2026-06-19 13:03:29 - hr_pipeline.dedup - INFO - Combined cleaned sources into 49200 total records
2026-06-19 13:03:29 - hr_pipeline.dedup - WARNING - Duplicate HRIS employee_id records found: duplicate_rows=398 duplicate_employee_ids=199
2026-06-19 13:03:29 - hr_pipeline.dedup - INFO - HRIS identity records: 18001
2026-06-19 13:03:29 - hr_pipeline.dedup - INFO - Enrichment records: 31000
2026-06-19 13:03:29 - hr_pipeline.dedup - INFO - Matched enrichment records: 31000
2026-06-19 13:03:29 - hr_pipeline.dedup - INFO - Ghost enrichment records: 0
2026-06-19 13:03:29 - hr_pipeline.dedup - INFO - Build exact-ID golden dataset with 18001 records
2026-06-19 13:03:29 - hr_pipeline.dedup - INFO - Duplicate employee_id records found: 0
2026-06-19 13:03:30 - hr_pipeline.dedup - INFO - Cross-company duplicate email records found: 0
2026-06-19 13:03:32 - hr_pipeline.dedup - INFO - Same-name cross-company probable matches found within 30 days: 83
2026-06-19 13:03:41 - hr_pipeline.dedup - INFO - Fuzzy name probable matches found | threshold=88 | hire_date_window_days=30 | matches=113
